
> frontend@1.0.0 web
> expo start --web

Starting project at /app/frontend
Starting Metro Bundler
The following packages should be updated for best compatibility with the installed expo version:
  @expo/vector-icons@14.1.0 - expected version: ^15.0.3
  expo@54.0.30 - expected version: ~54.0.33
  expo-blur@14.1.5 - expected version: ~15.0.8
  expo-constants@17.1.8 - expected version: ~18.0.13
  expo-device@7.1.4 - expected version: ~8.0.10
  expo-font@13.3.2 - expected version: ~14.0.11
  expo-haptics@14.1.4 - expected version: ~15.0.8
  expo-image@2.4.1 - expected version: ~3.0.11
  expo-linking@7.1.7 - expected version: ~8.0.11
  expo-notifications@0.32.15 - expected version: ~0.32.16
  expo-router@5.1.10 - expected version: ~6.0.23
  expo-splash-screen@0.30.10 - expected version: ~31.0.13
  expo-status-bar@2.2.3 - expected version: ~3.0.9
  expo-symbols@0.4.5 - expected version: ~1.0.8
  expo-system-ui@5.0.11 - expected version: ~6.0.9
  expo-web-browser@14.2.0 - expected version: ~15.0.10
  react@19.0.0 - expected version: 19.1.0
  react-dom@19.0.0 - expected version: 19.1.0
  react-native@0.79.5 - expected version: 0.81.5
  react-native-gesture-handler@2.24.0 - expected version: ~2.28.0
  react-native-reanimated@3.17.5 - expected version: ~4.1.1
  react-native-safe-area-context@5.4.0 - expected version: ~5.6.0
  react-native-screens@4.11.1 - expected version: ~4.16.0
  react-native-svg@15.15.1 - expected version: 15.12.1
  react-native-web@0.20.0 - expected version: ^0.21.0
  react-native-webview@13.13.5 - expected version: 13.15.0
  @types/react@19.0.14 - expected version: ~19.1.10
  eslint-config-expo@9.2.0 - expected version: ~10.0.0
  typescript@5.8.3 - expected version: ~5.9.2
Your project may not work correctly until you install the expected versions of the packages.
Waiting on http://localhost:8081
Logs for your project will appear below.
Web node_modules/expo-router/entry.js ░░░░░░░░░░░░░░░░  0.0% (0/1)
Web node_modules/expo-router/entry.js ▓▓▓▓▓▓▓▓▓▓▓░░░░░ 72.1% ( 646/1352)
λ node_modules/expo-router/node/render.js ▓▓▓▓▓▓▓▓▓▓▓▓░░░░ 76.1% (1272/1458)
Web node_modules/expo-router/entry.js ▓▓▓▓▓▓▓▓▓▓▓▓▓▓▓░ 95.7% (1718/1756)
λ node_modules/expo-router/node/render.js ▓▓▓▓▓▓▓▓▓▓▓▓▓▓▓░ 96.0% (1678/1713)
λ Bundled 9940ms node_modules/expo-router/node/render.js (1925 modules)
λ  WARN  "shadow*" style props are deprecated. Use "boxShadow".
[expo-notifications] Listening to push token changes is not yet fully supported on web. Adding a listener will have no effect.
Web node_modules/expo-router/entry.js ▓▓▓▓▓▓▓▓▓▓▓▓▓▓▓░ 99.7% (1913/1924)
Web Bundled 14624ms node_modules/expo-router/entry.js (1980 modules)
Web node_modules/expo-router/entry.js ▓▓▓▓▓▓▓▓▓▓▓▓▓▓▓░ 97.6% (1802/1866)
Web Bundled 4104ms node_modules/expo-router/entry.js (1982 modules)
 LOG  [web] Logs will appear in the browser console
 LOG  [web] Logs will appear in the browser console
Web node_modules/expo-router/entry.js ░░░░░░░░░░░░░░░░  0.0% (0/1)
λ Bundled 114ms node_modules/expo-router/node/render.js (1 module)
λ  WARN  "shadow*" style props are deprecated. Use "boxShadow".
[expo-notifications] Listening to push token changes is not yet fully supported on web. Adding a listener will have no effect.
Web Bundled 732ms node_modules/expo-router/entry.js (1 module)
Web Bundled 74ms node_modules/expo-router/entry.js (1 module)
 LOG  [web] Logs will appear in the browser console
 LOG  [web] Logs will appear in the browser console
Web node_modules/expo-router/entry.js ░░░░░░░░░░░░░░░░  0.0% (0/1)
λ Bundled 81ms node_modules/expo-router/node/render.js (1 module)
λ  WARN  "shadow*" style props are deprecated. Use "boxShadow".
[expo-notifications] Listening to push token changes is not yet fully supported on web. Adding a listener will have no effect.
Web Bundled 673ms node_modules/expo-router/entry.js (1 module)
Web Bundled 81ms node_modules/expo-router/entry.js (1 module)
 LOG  [web] Logs will appear in the browser console
 LOG  [web] Logs will appear in the browser console
